2019-04-19 13:30:16,481 - Log4JLogChute initialized using file 'velocity.log'
2019-04-19 13:30:16,503 - Initializing Velocity, Calling init()...
2019-04-19 13:30:16,503 - *******************************************************************
2019-04-19 13:30:16,503 - Starting Apache Velocity v1.7 (compiled: 2010-11-19 12:14:37)
2019-04-19 13:30:16,503 - RuntimeInstance initializing.
2019-04-19 13:30:16,503 - Default Properties File: org\apache\velocity\runtime\defaults\velocity.properties
2019-04-19 13:30:16,503 - Trying to use logger class org.apache.velocity.runtime.log.AvalonLogChute
2019-04-19 13:30:16,503 - Target log system for org.apache.velocity.runtime.log.AvalonLogChute is not available (java.lang.NoClassDefFoundError: org/apache/log/format/Formatter).  Falling back to next log system...
2019-04-19 13:30:16,503 - Trying to use logger class org.apache.velocity.runtime.log.Log4JLogChute
2019-04-19 13:30:16,503 - Using logger class org.apache.velocity.runtime.log.Log4JLogChute
2019-04-19 13:30:16,519 - Default ResourceManager initializing. (class org.apache.velocity.runtime.resource.ResourceManagerImpl)
2019-04-19 13:30:16,519 - ResourceLoader instantiated: org.apache.velocity.runtime.resource.loader.ClasspathResourceLoader
2019-04-19 13:30:16,619 - ResourceCache: initialized (class org.apache.velocity.runtime.resource.ResourceCacheImpl) with class java.util.Collections$SynchronizedMap cache map.
2019-04-19 13:30:16,619 - Default ResourceManager initialization complete.
2019-04-19 13:30:16,619 - Loaded System Directive: org.apache.velocity.runtime.directive.Stop
2019-04-19 13:30:16,635 - Loaded System Directive: org.apache.velocity.runtime.directive.Define
2019-04-19 13:30:16,635 - Loaded System Directive: org.apache.velocity.runtime.directive.Break
2019-04-19 13:30:16,635 - Loaded System Directive: org.apache.velocity.runtime.directive.Evaluate
2019-04-19 13:30:16,651 - Loaded System Directive: org.apache.velocity.runtime.directive.Literal
2019-04-19 13:30:16,651 - Loaded System Directive: org.apache.velocity.runtime.directive.Macro
2019-04-19 13:30:16,666 - Loaded System Directive: org.apache.velocity.runtime.directive.Parse
2019-04-19 13:30:16,666 - Loaded System Directive: org.apache.velocity.runtime.directive.Include
2019-04-19 13:30:16,666 - Loaded System Directive: org.apache.velocity.runtime.directive.Foreach
2019-04-19 13:30:16,804 - Created '20' parsers.
2019-04-19 13:30:16,820 - Velocimacro : initialization starting.
2019-04-19 13:30:16,820 - Velocimacro : "velocimacro.library" is not set.  Trying default library: VM_global_library.vm
2019-04-19 13:30:16,836 - Could not load resource 'VM_global_library.vm' from ResourceLoader org.apache.velocity.runtime.resource.loader.ClasspathResourceLoader: ClasspathResourceLoader Error: cannot find resource VM_global_library.vm
2019-04-19 13:30:16,836 - Velocimacro : Default library not found.
2019-04-19 13:30:16,836 - Velocimacro : allowInline = true : VMs can be defined inline in templates
2019-04-19 13:30:16,836 - Velocimacro : allowInlineToOverride = false : VMs defined inline may NOT replace previous VM definitions
2019-04-19 13:30:16,836 - Velocimacro : allowInlineLocal = false : VMs defined inline will be global in scope if allowed.
2019-04-19 13:30:16,836 - Velocimacro : autoload off : VM system will not automatically reload global library macros
2019-04-19 13:30:16,836 - Velocimacro : Velocimacro : initialization complete.
2019-04-19 13:30:16,836 - RuntimeInstance successfully initialized.
2019-04-19 13:30:16,882 - ResourceManager : found templates/velocity/busTemplate.vm with loader org.apache.velocity.runtime.resource.loader.ClasspathResourceLoader
2019-04-19 13:30:16,898 - Null reference [template 'templates/velocity/busTemplate.vm', line 15, column 13] : $cart cannot be resolved.
2019-04-19 13:30:16,898 - Null reference [template 'templates/velocity/busTemplate.vm', line 16, column 13] : $counter cannot be resolved.
2019-04-19 13:30:16,898 - Null reference [template 'templates/velocity/busTemplate.vm', line 17, column 13] : $total cannot be resolved.
